<?xml version="1.0" encoding="UTF-8"?>
<!-- Generated by org.testng.reporters.JUnitReportReporter -->
<testsuite hostname="DESKTOP-0CIBLFD" failures="0" tests="2" name="tests.SubmitOrderTest" time="22.267" errors="0" timestamp="2023-01-10T15:20:15 EET" skipped="0">
  <testcase classname="tests.SubmitOrderTest" name="submitOrder" time="10.882"/>
  <system-out/>
  <testcase classname="tests.SubmitOrderTest" name="submitOrder" time="11.385"/>
  <system-out/>
</testsuite> <!-- tests.SubmitOrderTest -->
