<?xml version="1.0" encoding="UTF-8"?>
<!-- Generated by org.testng.reporters.JUnitReportReporter -->
<testsuite hostname="DESKTOP-0CIBLFD" failures="0" tests="1" name="tests.ErrorValidationsTest" time="6.691" errors="0" timestamp="2023-01-10T13:31:28 EET" skipped="0">
  <testcase classname="tests.ErrorValidationsTest" name="submitOrder" time="6.691"/>
  <system-out/>
</testsuite> <!-- tests.ErrorValidationsTest -->
