<?xml version="1.0" encoding="UTF-8"?>
<!-- Generated by org.testng.reporters.JUnitReportReporter -->
<testsuite hostname="DESKTOP-0CIBLFD" failures="0" tests="1" name="tests.ErrorValidationsTest" time="61.284" errors="0" timestamp="2023-01-10T17:08:25 EET" skipped="0">
  <testcase classname="tests.ErrorValidationsTest" name="submitOrder" time="61.284"/>
  <system-out/>
</testsuite> <!-- tests.ErrorValidationsTest -->
